2024-06-07 11:22:54,079 DEBUG    root            Loaded Command Group: ['gcloud', 'config']
2024-06-07 11:22:54,081 DEBUG    root            Loaded Command Group: ['gcloud', 'config', 'config_helper']
2024-06-07 11:22:54,084 DEBUG    root            Running [gcloud.config.config-helper] with arguments: [--format: "json"]
2024-06-07 11:22:54,097 DEBUG    root            Chosen display Format:default json
2024-06-07 11:22:54,097 INFO     root            Display format: "default json"
2024-06-07 11:22:54,136 INFO     ___FILE_ONLY___ {
  "configuration": {
    "active_configuration": "default",
    "properties": {
      "compute": {
        "region": "us-central1"
      },
      "core": {
        "account": "1046527356828-compute@developer.gserviceaccount.com",
        "disable_usage_reporting": "True",
        "project": "neo4j-field-engineering-apac"
      },
      "dataproc": {
        "region": "us-central1"
      }
    }
  },
  "credential": {
    "access_token": "ya29.c.c0AY_VpZgJFo8rDOahRSNcU5E7CBxoE7eSjN86hUK8k98rW9bZgY2TN-DXp91re6GXN4VCCyLRy3O-PzuTLtfsSZF5AivtEL4cNIP1sOJmlhfdGF6fgKMBaqEYPXnbYvDs3vIZvm22e6lv_aZDak3KXYobrtf6USpBkk-pVP7xgyirpZIcD2BnawZ5jFg4vXKe55DTUbWwMwJPdFNftlCJutSIbKfkzeKwHg3TxBOg3ufk1GbDjGrPRdgL8naQPza5Boi4_tCj2yoDQhJzfs9XwtOhDuAOs2ejnCcyOPa_WSv93q81RucSuvdrKaj0eyOeuBQYavheaZD_7C67uB9ZVZNeIJw8375WO2kSnodOXYmVaxhZ1OGU7721nqNNVAXHL3VHSvzo48QTff2EZ9vAMsXiOM6MyX6EGfcBu7WqdCm4QAX1dfrT6SfI_tCQE453D-Q0FlSI2WkStkikbY8r7_2Vcl6yQ-k_i5oZ8c3bUb5fj0fQzdZokM-bS9_7brcalaoyMWxykJp5sJ1lZX01mf2kWdimrUpqn393X3u_qyhm_4z_c0QXwXMkjO1-zfvXr4V6U9sMJRoiUOBs5e291O501Q6oQOrVZjnY4sgw97nm8mYjtY-sych0955Z4ckkJ_ieIyxdk5gOzcJvSVdqjOQSJlzQc2bi__j8htj1RSBZ7d4f7-p2SF8Z2OawOkzmragqX0gsYlp9yMgUOwhsjBtrRXyneZhvkgYwbhtMJ86jl6yp78mYnxzYio4ulW_nn3yxV8Odz0OUiYzv5ib5_UVRRXJ6Xyqf_h1BadwM8JkYRyYlpQQRI701rVUv793IrXnoJR50jlX9V8Wz_OpSdIVmwu8lkgifpd7BfM_zY8rpjMnwSzMWFFwn12f15knx21ekdeqpxwdUOMr5zu5bi3JsaI7sUOlnZnupynao749-J4rW2gzxYbtc2u69YV6g_-sip7zYzljhru8kZQ5qe3ocRin6mu8eoo7b2RkWO1IVVxvvy098hBZ",
    "id_token": null,
    "token_expiry": "2024-06-07T12:06:48Z"
  },
  "sentinels": {
    "config_sentinel": "/home/jupyter/.config/gcloud/config_sentinel"
  }
}
2024-06-07 11:22:54,136 INFO     ___FILE_ONLY___ 

2024-06-07 11:22:54,137 DEBUG    root            SDK update checks are disabled.
