2024-06-09 19:25:53,627 DEBUG    root            Loaded Command Group: ['gcloud', 'config']
2024-06-09 19:25:53,629 DEBUG    root            Loaded Command Group: ['gcloud', 'config', 'config_helper']
2024-06-09 19:25:53,632 DEBUG    root            Running [gcloud.config.config-helper] with arguments: [--format: "json"]
2024-06-09 19:25:53,646 DEBUG    root            Chosen display Format:default json
2024-06-09 19:25:53,647 INFO     root            Display format: "default json"
2024-06-09 19:25:53,686 INFO     ___FILE_ONLY___ {
  "configuration": {
    "active_configuration": "default",
    "properties": {
      "compute": {
        "region": "us-central1"
      },
      "core": {
        "account": "1046527356828-compute@developer.gserviceaccount.com",
        "disable_usage_reporting": "True",
        "project": "neo4j-field-engineering-apac"
      },
      "dataproc": {
        "region": "us-central1"
      }
    }
  },
  "credential": {
    "access_token": "ya29.c.c0AY_VpZjkjv514CkIKhBILbbUGNPgoW9q15iExIBVhH39My2XEG8G5j8E0PDLs6GV9qP8JaRfIcVbGjGSFmlvG_eyj--gOtfwihLDbc0ryhWpXgzu11z-Ps7_s1vkltLjaLBY9wKBVypP90s3ZA3ZQJTYs8Pm7X_OnlqulyUhfQeO03jf0T62Ye_Hgvh7ssaVgSXMZ71N5sd9jyJnFywWa6hoF6YNdfidlQINB3tq_n2WxVwWPM-6pZB4pla2hdxltSA00gfPkaAK2EPyMU7Nrk-qr56MPARIdax5U4-vpuqb_DdqvE0YycfGLibgiDzMBwOMowqSaVXPdvoCUyVKhWDb4BADv5AS4gDP4zFJudndj7OpUmSgt9ZjR7hNRM__DocAsm3o1RI8IYSmSyGkTQ2dFgdbXFjM-m-Dg5B-yiJlWLMS9lnTnAf9iTWeL453Cjv2xsVbq20SQkmjpm6mi85dznc3cmIuIbIXagifpaQR8VjwVmkBavbriMYrf04cQdQcU2Mv5Ubuzm_1mfnbW_mfwcdbOXhJ2aqqiwncyiu1Jod4xMa1nMlMjxVqeYhgJqOiz4cdfcR2S3ISIfS0BpvFf1__fOnjSdZns6xRcSb46W7YU5vkXcfc7xeedQut-oS_W5Q1SMj82g44B_JU-6Rpx6s2vm_trci1-rvyOinyOJ0wIqX7fYyzIu2mZRIsz7B-4qcczwXbXkVmv_6zlQ2jz7Rd_i8aSMFmqRxryYF70kfdgji97bYQYik23w_xv2fk_Shofyumlk8s4IzJZfqmbnOc0y8VzJ_Z4Y_Z8Q2rnSbty0lUweUw3rxXnisqn0mhphVVXi-c3rMjqiBmXSX5JJiBuzeZfel903aiOZBbv5c-11c7g7cviy7s0ktY69h3IMZFZdyl22dIkyfemawq-izq-xectfepZVM6ufwkZvwbYf7fwSVFZYi_7inkIMiOuwQ26qxoZ-sX8ifQxUI8nmY1YQ7zSWb-utphemgpJMjY1_vMOuy",
    "id_token": null,
    "token_expiry": "2024-06-09T19:39:05Z"
  },
  "sentinels": {
    "config_sentinel": "/home/jupyter/.config/gcloud/config_sentinel"
  }
}
2024-06-09 19:25:53,686 INFO     ___FILE_ONLY___ 

2024-06-09 19:25:53,687 DEBUG    root            SDK update checks are disabled.
