2024-06-09 19:39:16,126 DEBUG    root            Loaded Command Group: ['gcloud', 'config']
2024-06-09 19:39:16,128 DEBUG    root            Loaded Command Group: ['gcloud', 'config', 'config_helper']
2024-06-09 19:39:16,131 DEBUG    root            Running [gcloud.config.config-helper] with arguments: [--format: "json"]
2024-06-09 19:39:16,145 DEBUG    root            Chosen display Format:default json
2024-06-09 19:39:16,146 INFO     root            Display format: "default json"
2024-06-09 19:39:16,187 INFO     ___FILE_ONLY___ {
  "configuration": {
    "active_configuration": "default",
    "properties": {
      "compute": {
        "region": "us-central1"
      },
      "core": {
        "account": "1046527356828-compute@developer.gserviceaccount.com",
        "disable_usage_reporting": "True",
        "project": "neo4j-field-engineering-apac"
      },
      "dataproc": {
        "region": "us-central1"
      }
    }
  },
  "credential": {
    "access_token": "ya29.c.c0AY_VpZjavzsorc_ETLyKo278RQMMjlQqkk3RHH04eI0IQpSKMKw4Y-UGlV97eAn27ks-SwMNnuqm7eCQf5MvncOjiBXyOB36N6zCCI6-n_cROsK1RrdEWVRp0oK5tn0Vrs8nYmq4eN0kazldkr5_6VwHzWec-CB914IRYF9zkJ4TRCcv8xJ-EUPz4g516PPMe2zVo3tgDmxVY3d6aNmxxVMttoemhMvmmvCJXiHoWhQ_D_CrxZHYxwnXlRDRo5y2uFvxUKGjYHgth6OXdBdbycqLTrnMvoA_-drUqDrodZlTRgGCeT8-xZK0U7HKgR_NfKybs1RBezjDEQ76zwLg65QhnzKGAe_pA7fhRAQa1JCrQfrSPBlHGhIM3bq4rk-iN83nnS1DlrNfxwnCd4EpzH1-7L0meRXbK_qfBOGtF8RGyJFSH74-V0hOj7cT452Km02zdvBOlrUjzuz2r3wltS7irmw0xJ_iY67-Mwz35MMYU9RmfzWuvRQQ7cpW6bSn0yqShM1WXOiIrq5o-8isaUXRkhU5y54W_2SbBu8p1InbaVyrBW9jvXymci47WvFM88av8aghV2zX2Bg_y5RMSpMQQ6Bqdd7yg5MdJi5glk1qVcqFnohzjgFo7rVww1b-oprex7ewB2jQmaZi4yw7jIghdRqRyxQvMQ0hyRf2YJeYWZcnQsYO7Jnh1816g2-hV-hv2dRgV3yWuI7saomlwa09jgOo1-w8yxy52Jswlo8mpBfpJ7ucuvOXbQilyai8a2q45sJB44UX_29rBnxI52cgXonb1q71pQObQ1V3IIsWtMfdRu5Q_svvSi-42FJibaRkWJou32894a6h59dlW2yQ6l3QV6Y7iWicO7VZBbg07u7tgYw9Z_Vn2ihr_-r02yr48ipU_vdfbkZVXYuxks3cboQrgUjvSsl4ez5aj7QV0h2Uod1ewfkyyjkZiu0vhh-3Su5wtdya3t6g27x_X3SVsdR9ob0fwozntxIy1W1QxUiq2BXxj8e",
    "id_token": null,
    "token_expiry": "2024-06-09T20:09:05Z"
  },
  "sentinels": {
    "config_sentinel": "/home/jupyter/.config/gcloud/config_sentinel"
  }
}
2024-06-09 19:39:16,187 INFO     ___FILE_ONLY___ 

2024-06-09 19:39:16,187 DEBUG    root            SDK update checks are disabled.
