2024-06-09 20:09:20,645 DEBUG    root            Loaded Command Group: ['gcloud', 'config']
2024-06-09 20:09:20,647 DEBUG    root            Loaded Command Group: ['gcloud', 'config', 'config_helper']
2024-06-09 20:09:20,650 DEBUG    root            Running [gcloud.config.config-helper] with arguments: [--format: "json"]
2024-06-09 20:09:20,664 DEBUG    root            Chosen display Format:default json
2024-06-09 20:09:20,664 INFO     root            Display format: "default json"
2024-06-09 20:09:20,704 INFO     ___FILE_ONLY___ {
  "configuration": {
    "active_configuration": "default",
    "properties": {
      "compute": {
        "region": "us-central1"
      },
      "core": {
        "account": "1046527356828-compute@developer.gserviceaccount.com",
        "disable_usage_reporting": "True",
        "project": "neo4j-field-engineering-apac"
      },
      "dataproc": {
        "region": "us-central1"
      }
    }
  },
  "credential": {
    "access_token": "ya29.c.c0AY_VpZiif0U_liYXAiN90dNUd-79J_SeVw6iB-0vONdfLSi4L6QBuahk62YmINMyE0PLeDQc8FH8W4ERkXF_8GpfRzSR1PXaZAeet_fiUf6O4BW_jmHiddh0W2_hw9t0q5yfPAM8pr85dR4Lx-xcsjk1mzP-6sQ9Ab2Oo9_ZlleH6ew5p9j_r1Yu53bOjzZQWFmZj4MMtuz_PDs_3TfroQzXIUQQNWNBIv5qRwqoSS_LvNXzFdHZhwurb-BdoP-Nu0KZ39a3fiaD44joUHFqnxALE-ZB_lMD2_qY7jKcRktsIWXtE9Ghmm8Sdy-PkabiVvAUSvzv0RVMYLP01KG2leMHythEV1EYpLxexZcZRU7uJ8uBCF-EsBrogwNLNMqT_qofqyMeONgRhrY7RYnUbt3ce81B8SMxevbKDMPegCmAkeo-tF-I3-Ec5QN451Kc9y327tp6_RuJRg5RBJO9kr5aU17uzzQkQBopkOWXxm7U0SMv2Yzduozf6kw2lxuh0J__FxdjnZU1RyibloFoISeRFexsBmezvue0sdc7lsIt71ahJYX1nicU_ha2qSJs0We55dVa5RO5gkh6duJ23oozwe0qVexIzy_8qwJRsnzlmpbUv-wVx2RqyujO5B12z9nfzzb1ZjmaV3R17glXlwrvv_lhlakwru6p4s3poI_UbgnhunblOfFOqi6B2Qasklmyk6OIukVgn_cvcnUpqR24uXkmQ4XiI-w_3kxhV78_mZkeSow8_zaJFo8VSr2QmJFijp2f8tQSVnQl5IaoSbhS1yJzibrZJW9qJqBqMV4bIg4dIMbBgrW9VhcMQqVpWYgFr8RuWfbI8tiB71XwRs7iiyynrB7mkBJs-uyUS5vqYjwvjs0R9liqZnVnnzQXzYhOwwj25Ysi1UOUXcQSJokfIsZ6jBep3oqezRIg_yImzlegZsilu_ecumWJdbehX4VikwfZa_c9jlbM_bVslZpy5zgY0_z8BQXRZgd7duVWgVmQI_8SZs_",
    "id_token": null,
    "token_expiry": "2024-06-09T20:39:09Z"
  },
  "sentinels": {
    "config_sentinel": "/home/jupyter/.config/gcloud/config_sentinel"
  }
}
2024-06-09 20:09:20,704 INFO     ___FILE_ONLY___ 

2024-06-09 20:09:20,704 DEBUG    root            SDK update checks are disabled.
