2024-06-11 04:19:03,563 DEBUG    root            Loaded Command Group: ['gcloud', 'config']
2024-06-11 04:19:03,566 DEBUG    root            Loaded Command Group: ['gcloud', 'config', 'config_helper']
2024-06-11 04:19:03,568 DEBUG    root            Running [gcloud.config.config-helper] with arguments: [--format: "json"]
2024-06-11 04:19:03,583 DEBUG    root            Chosen display Format:default json
2024-06-11 04:19:03,584 INFO     root            Display format: "default json"
2024-06-11 04:19:03,628 INFO     ___FILE_ONLY___ {
  "configuration": {
    "active_configuration": "default",
    "properties": {
      "compute": {
        "region": "us-central1"
      },
      "core": {
        "account": "1046527356828-compute@developer.gserviceaccount.com",
        "disable_usage_reporting": "True",
        "project": "neo4j-field-engineering-apac"
      },
      "dataproc": {
        "region": "us-central1"
      }
    }
  },
  "credential": {
    "access_token": "ya29.c.c0AY_VpZjFXg6LppVqxJxQvSt6HZBWJWfLN8cUMbQVMJX8lutPoCuwHlp1RuIlM4K7AjdMJLtmgnimEzlVyGHjO9iXXCmZlpma8Gu9oqCtCrNT_2aZZdSfayGrw7sh9FkWnS4Fs6Wp8kX-a4EJE99PKUEx2r0jxi2mhmcoGf37AbfPAUTZPhSmYCvDrtsD1q9YAJRZc_OxPwy-1G0op2ZaHZ3-ZcYyKkgxWFjGZvBA6g07khr4VxETNuE5pvh_1f-UoCePyIoykqnTyJo0-u8ForW774bvbtcX7j82f6PGsaJLGs86IKOQMCrWsk4ecty_h5BIyeED_TCo5JrSopPJ_eiDiZ9YBeav3I-nhMTNQMghbJHhW9pm2U4bBZL_ad29N8sz30k-YuUzOXevjmTgTljXyt9dHtqtMUltpgNeoEJqVvEHJnGqOni0UIQN452KyRy4nMwpJXxwnRze4zv_vhhjxrRzv0fOpvM91bdZz0mpxumU9JsUUfStgvOM-2uoXSgi9wpMtmuRvyJ2prpXa15gVmcu1WdozmOkOQwm6BcJVRh4t6BIe98Z5tsReagUm9cx5S3bXt5ge1zMFZeZSftlYqnZiVFOXsban-ib3uVxYF1Qp4JxrwF6kpjUBpdBj_7w71dtJFxezbvSFhWwabmbQYJsUF4ku0R8nx54OaUV7jafhiQSfsZta8Yb_-0nneFqZpBMnOvgzijkSV1iUOazoaOzxBZW-1ivcs_2vQ05yk5txMdhYvZlYnWOSMcaxB4oS12u1oimbZIynapvoByFSnt6znf-8m1MwtY3a7ZtQ5pr8u-zY5sR8rwba0Z6UF5X555vJ1sYVqOFc0dcIaYw5dI_zna7IarS_68Wx9FMZ3fZVaqIsmQ-1OW4jjqzUx2FVu2_3Xeyg5BnFOniug79vspMkBwpMYqy6FmaVRStcQhu1O_owF6J4eWMxj8YZZ4Zh5WiFqknzIWcFWkmOMS0uzv_0q_6jX_tjaJQephVykv0JwgRsh8",
    "id_token": null,
    "token_expiry": "2024-06-11T05:16:42Z"
  },
  "sentinels": {
    "config_sentinel": "/home/jupyter/.config/gcloud/config_sentinel"
  }
}
2024-06-11 04:19:03,628 INFO     ___FILE_ONLY___ 

2024-06-11 04:19:03,628 DEBUG    root            SDK update checks are disabled.
