2024-06-11 06:03:51,932 DEBUG    root            Loaded Command Group: ['gcloud', 'config']
2024-06-11 06:03:51,934 DEBUG    root            Loaded Command Group: ['gcloud', 'config', 'config_helper']
2024-06-11 06:03:51,937 DEBUG    root            Running [gcloud.config.config-helper] with arguments: [--format: "json"]
2024-06-11 06:03:51,954 DEBUG    root            Chosen display Format:default json
2024-06-11 06:03:51,954 INFO     root            Display format: "default json"
2024-06-11 06:03:51,997 INFO     ___FILE_ONLY___ {
  "configuration": {
    "active_configuration": "default",
    "properties": {
      "compute": {
        "region": "us-central1"
      },
      "core": {
        "account": "1046527356828-compute@developer.gserviceaccount.com",
        "disable_usage_reporting": "True",
        "project": "neo4j-field-engineering-apac"
      },
      "dataproc": {
        "region": "us-central1"
      }
    }
  },
  "credential": {
    "access_token": "ya29.c.c0AY_VpZjZAoyABMUDBisl-gupOTusXkiV3LBw8LVGO1-gt_n_qV_7bTismzIKJRLzZsJIzaHm7tIGOlPiEYm1ig3AEcMoXWcYMQI5JBbGzOdbfNbLsduLvL3YhD7BBWv50x8LA6E-mIIdrLTbE0kUb4iSN_zqzE-cDVKGn7JUiZKGxanEXXZnZgA0bpfSRJG33QMNDTZhPQDDKPZ7kOCw5B5jHkZsZ8TtlGE5AUpgV_69N-12jYmOkjmvW3Xsk3xmUN_blOshG7R-kAXlbZT4mEAjOwXAi85r5Jt3wlccOOUhPyiJY-VkP6LZ8gDNt6_Qy_WqViBqCx8me0TBuhJywZVc8X-h2OfQqnWjhmC1leVKfT7Bck0OOGfz2WtR9fQhrmeGHduq1uSx3jy5IRA4_ZU689yMry1vt1SwdfsU5wzch27nQt0mc6HPc0znT453C2almvO5RX47Z3cIvb76ynQuban_UORzzWw0FpsJq-U7WlWwBJZ9h0VUI5qqdFdnBmVIkYlZOhWSWeowWV-IFdhZuFUmsy4Rv-zSz_dM-uRdWtwoiJrnRnieUUqMXr6i_Yj-QvzZZfgw7eSpm7nYBjbObxJ5SYk2w6zJ4yM0jaMkX_3am_6l2vfo0cka0kerhoe436wXW50ggiXy2pVxOnV6Rr3_bfab6F_wVwUf6pUXiOuk9YJs5vvcopor7386-I_hifr6ZOvleOafre3qV2pm7VUoyeJb3q1md7BXjiBvB4XJi91y7IJSjBVtyv9ktovmY4SSo35cf9oF5ifevykh2q8hQ3qaUx7z6iFwXWIIn-IiU9OxryFV8Fwzb41whBcbwpJ8yJ4tXMhSV-cMQROrQrySFeS4iMecUWUdumqJwtJxRa5eVk3pi98id0abpv13_BzkWxMeb6QM9eM71Ms9bdFrOhu_mluSWnmbxx2bf6df4aS6raukz8S0U01rtOcaiBiMUXoFBgYXgen-OrRez2w7Slg-Q1i7Mvyog8jwdrqWWz0rkFt",
    "id_token": null,
    "token_expiry": "2024-06-11T06:17:02Z"
  },
  "sentinels": {
    "config_sentinel": "/home/jupyter/.config/gcloud/config_sentinel"
  }
}
2024-06-11 06:03:51,997 INFO     ___FILE_ONLY___ 

2024-06-11 06:03:51,997 DEBUG    root            SDK update checks are disabled.
