2024-06-11 06:17:11,121 DEBUG    root            Loaded Command Group: ['gcloud', 'config']
2024-06-11 06:17:11,123 DEBUG    root            Loaded Command Group: ['gcloud', 'config', 'config_helper']
2024-06-11 06:17:11,126 DEBUG    root            Running [gcloud.config.config-helper] with arguments: [--format: "json"]
2024-06-11 06:17:11,141 DEBUG    root            Chosen display Format:default json
2024-06-11 06:17:11,141 INFO     root            Display format: "default json"
2024-06-11 06:17:11,182 INFO     ___FILE_ONLY___ {
  "configuration": {
    "active_configuration": "default",
    "properties": {
      "compute": {
        "region": "us-central1"
      },
      "core": {
        "account": "1046527356828-compute@developer.gserviceaccount.com",
        "disable_usage_reporting": "True",
        "project": "neo4j-field-engineering-apac"
      },
      "dataproc": {
        "region": "us-central1"
      }
    }
  },
  "credential": {
    "access_token": "ya29.c.c0AY_VpZiktdoLd7ZpyPfcGD6_oJdVCdpb6ELlEnNvJzna780XVOman3yBOsR6lKP2SaG3jweyM0ZpKrx_MPJaPYsBqVTGwrHxg2aZXJnXd7HpaoqVVKtUn0RBf0xvtZ2dkXWKHkTc41uyppmMD22CnYwvOt9gamki3UB-nTPT1wnZJI5VfAvdHsh9s3yv52liVUKBrnjq7N0ia4cMV2r6dm0OvBE8vmiL_dUKXQ8wqinLw3oPEupM1vI6g7ZdIsLoWq1Ls7DuxFgsBaoLNcKfbmwUI9w_lP11LO21IYGfAISRwcS_0wlrBPeFzLM7b0Dv-kuKrfmMCAC-V21winpXKVu77KrYXGlwzrd6HNQlXt47s0TG_HjmnpXMHIvT8GSRd9MZis-8hCTtz6qUnleOY6jXVO98E9IxgrgoHozQN_AoxaW2Z0D3wvn6zxQH452C0F0VZrzF2n_qiMSX38QJgxVd9SFdZaoFSyOi8ow9ymBwto3drwaWfYtU4vOl3Sx89nkSJQlhRk0bVzibX-hs9Obi6MdcM26st7mxsSknzUvidQdvXI3u6BajRnwdtsqrqWdwwYfRnsV5YmSW5XsQ6anf0sdjg0lSQeoOlzmIY77ZBbqp2n9uF5rvb4IFS_Xizgy4b_ed59RZd_pgQorOQiwmJeJuZQie5eUosJWo9zfm-Uo7BI9pcinO0rUa7Zmn92t-12kq4UvB9JB8OikWI9lq8BkpBfl53xhgIoJoS3dsfsceSkQkIrjmafUekvfd9QBtQFc9iY5p3dU436wlzUYavgFYJ9WnJn-UFOeUucvtzXRaomteM2vZ2s07SQqZxUsaOpg6yo-3a0qbspylq4hm8ZUl6pFWlBI2jS74eg52_g4MrQJbOkQgVfclay5_nVIRt-k7nja__Sp95_9QQst9Xy_p1UvpB6kSJI6hmS8U_iyJjatYzuzkm391aaFM7krq3IiU_z3ntIzstlb_4jYtxUaJ6foOBdORzi7I8lMtFVpdz3Xbgqy",
    "id_token": null,
    "token_expiry": "2024-06-11T06:47:05Z"
  },
  "sentinels": {
    "config_sentinel": "/home/jupyter/.config/gcloud/config_sentinel"
  }
}
2024-06-11 06:17:11,183 INFO     ___FILE_ONLY___ 

2024-06-11 06:17:11,183 DEBUG    root            SDK update checks are disabled.
