2024-06-10 07:40:15,011 DEBUG    root            Loaded Command Group: ['gcloud', 'config']
2024-06-10 07:40:15,014 DEBUG    root            Loaded Command Group: ['gcloud', 'config', 'config_helper']
2024-06-10 07:40:15,018 DEBUG    root            Running [gcloud.config.config-helper] with arguments: [--format: "json"]
2024-06-10 07:40:15,037 DEBUG    root            Chosen display Format:default json
2024-06-10 07:40:15,038 INFO     root            Display format: "default json"
2024-06-10 07:40:15,092 INFO     ___FILE_ONLY___ {
  "configuration": {
    "active_configuration": "default",
    "properties": {
      "compute": {
        "region": "us-central1"
      },
      "core": {
        "account": "1046527356828-compute@developer.gserviceaccount.com",
        "disable_usage_reporting": "True",
        "project": "neo4j-field-engineering-apac"
      },
      "dataproc": {
        "region": "us-central1"
      }
    }
  },
  "credential": {
    "access_token": "ya29.c.c0AY_VpZj6Avyd652tkA7i9e_sDJGEmek7Q70aB1tFn-3wMl9n2Jiw7iJueM9I0XPQYsPfBFhV0i8YkB-F_2S8aw6g9Ut46cKhxxEoPZ8Nvs8EkSXm1DRWPrdc1iT42Oq25VBxP1ONb38JzAYtQ0AbeVUB4aUkwLx_LoFXCOvFacaRozuV6mRawKfYuJSRs1Jip4g8fjQawJtQFBJGp0d5FESu87V_oAR9t3AZQXu6_l1tr2GcNbiNKoWrL0Xkmc_cNkfS3X-TIeLlPEEZmoLK0NTF8mskRcvHTJ6E6sbL2ns9ZriwjAyFYo63NSTp2HXdYimOIv6Yi7kQjMZg1wRcs4XqW9gL1gXclrvspbRcEaCsbFjm_or85bLEquvnqGbvXPU57TMNoEdxwgw4exPz01XwGwC-fKCkIMycLLqZNqGuo1-HUSNSiOt6zPlQL453Cl54xYaew6BS78uUR5skMJMY21YWy6bY2SYxq3ZB2UMxrzFsQx6qWa9dq5Q3lhkemmy0XFsRwM6XIRS_aprYhSvzSQk6cBwmUgm-WgS2s0ymgXe3t8ztc6-Mn0jaw9BaOc1RibI-wbpsUiZ9VWfYk7B3e3JytRU_7ogF8YXp4d34W1Juzzqb-W6b1a4mtsezuQpm6zcnF6Ws3FzIUysQ7ZngQxkfdr8MgyFWl17hnR1MfrOY7jcf3ij9o12h9qpev7pJZ87-6-xlQ7-8y326M38pz43nxfeeZlv8_-tWdbaf-_xwWJ-QXm1vkrv_fFfYOV_4mqmUz9fXzvOXy-FOzFUpjxYa9UyhYswqJp2jl1J5Yv2ejgnRmvrukj9Q-0fQF1q3oeuhUIO2xZdw8QrW1O5jlMB7I1fMev4bX4xuI4v40YBYZFymhVxUe-igUag3heOMu3RQh3_Qqxx3x1ovUBt29fsO1-ncXseIUupx7FzwMn0evjaa3VvIx1UXpWl589km3QdqiIm-iwMJkSqz1de4bwaSvWvhjMq3_j59vZbtJoBJZXv8m2h",
    "id_token": null,
    "token_expiry": "2024-06-10T08:10:13Z"
  },
  "sentinels": {
    "config_sentinel": "/home/jupyter/.config/gcloud/config_sentinel"
  }
}
2024-06-10 07:40:15,092 INFO     ___FILE_ONLY___ 

2024-06-10 07:40:15,093 DEBUG    root            SDK update checks are disabled.
